<?xml version="1.0" encoding="UTF-8"?>
<testsuite name="MessageParserTest[jvm]" tests="46" skipped="0" failures="0" errors="0" timestamp="2026-07-11T20:40:14.478Z" hostname="Andriis-MacBook-Pro.local" time="0.019">
  <properties/>
  <testcase name="visualizer_loudness_too_short_returns_null[jvm]" classname="com.sendspin.protocol.MessageParserTest" time="0.0"/>
  <testcase name="parse_stream_end_no_roles[jvm]" classname="com.sendspin.protocol.MessageParserTest" time="0.004"/>
  <testcase name="parse_server_hello[jvm]" classname="com.sendspin.protocol.MessageParserTest" time="0.002"/>
  <testcase name="serialize_client_command_volume_includes_volume_field[jvm]" classname="com.sendspin.protocol.MessageParserTest" time="0.0"/>
  <testcase name="serialize_client_state_includes_timing_fields[jvm]" classname="com.sendspin.protocol.MessageParserTest" time="0.001"/>
  <testcase name="parse_visualizer_f_peak[jvm]" classname="com.sendspin.protocol.MessageParserTest" time="0.002"/>
  <testcase name="unknown_message_type_returns_UnknownMessage[jvm]" classname="com.sendspin.protocol.MessageParserTest" time="0.0"/>
  <testcase name="parse_group_update_playing[jvm]" classname="com.sendspin.protocol.MessageParserTest" time="0.001"/>
  <testcase name="parse_visualizer_pitch[jvm]" classname="com.sendspin.protocol.MessageParserTest" time="0.0"/>
  <testcase name="visualizer_pitch_too_short_returns_null[jvm]" classname="com.sendspin.protocol.MessageParserTest" time="0.0"/>
  <testcase name="parse_stream_clear[jvm]" classname="com.sendspin.protocol.MessageParserTest" time="0.001"/>
  <testcase name="parse_stream_start[jvm]" classname="com.sendspin.protocol.MessageParserTest" time="0.001"/>
  <testcase name="parse_server_state_controller_without_repeat_and_shuffle_defaults_to_Absent[jvm]" classname="com.sendspin.protocol.MessageParserTest" time="0.0"/>
  <testcase name="binary_frame_too_short_returns_null[jvm]" classname="com.sendspin.protocol.MessageParserTest" time="0.0"/>
  <testcase name="parse_visualizer_beat_with_downbeat[jvm]" classname="com.sendspin.protocol.MessageParserTest" time="0.001"/>
  <testcase name="parse_server_state_with_metadata[jvm]" classname="com.sendspin.protocol.MessageParserTest" time="0.0"/>
  <testcase name="parse_visualizer_spectrum_with_empty_payload[jvm]" classname="com.sendspin.protocol.MessageParserTest" time="0.0"/>
  <testcase name="parse_group_update_paused[jvm]" classname="com.sendspin.protocol.MessageParserTest" time="0.0"/>
  <testcase name="parse_visualizer_peak[jvm]" classname="com.sendspin.protocol.MessageParserTest" time="0.001"/>
  <testcase name="serialize_client_command_mute_uses_muted_field_name[jvm]" classname="com.sendspin.protocol.MessageParserTest" time="0.0"/>
  <testcase name="serialize_client_state_with_zero_delay[jvm]" classname="com.sendspin.protocol.MessageParserTest" time="0.0"/>
  <testcase name="serialize_client_state_includes_static_delay_in_player_object[jvm]" classname="com.sendspin.protocol.MessageParserTest" time="0.0"/>
  <testcase name="parse_group_update_with_no_playback_state[jvm]" classname="com.sendspin.protocol.MessageParserTest" time="0.0"/>
  <testcase name="visualizer_f_peak_too_short_returns_null[jvm]" classname="com.sendspin.protocol.MessageParserTest" time="0.0"/>
  <testcase name="parse_server_time[jvm]" classname="com.sendspin.protocol.MessageParserTest" time="0.001"/>
  <testcase name="visualizer_beat_too_short_returns_null[jvm]" classname="com.sendspin.protocol.MessageParserTest" time="0.0"/>
  <testcase name="binary_frame_empty_payload_is_valid_audio_chunk[jvm]" classname="com.sendspin.protocol.MessageParserTest" time="0.0"/>
  <testcase name="parse_server_state_controller_with_repeat_and_shuffle[jvm]" classname="com.sendspin.protocol.MessageParserTest" time="0.0"/>
  <testcase name="parse_server_state_metadata_with_legacy_repeat_and_shuffle[jvm]" classname="com.sendspin.protocol.MessageParserTest" time="0.0"/>
  <testcase name="parse_server_state_explicit_null_is_Present_null[jvm]" classname="com.sendspin.protocol.MessageParserTest" time="0.0"/>
  <testcase name="serialize_client_command_play[jvm]" classname="com.sendspin.protocol.MessageParserTest" time="0.0"/>
  <testcase name="invalid_JSON_returns_null[jvm]" classname="com.sendspin.protocol.MessageParserTest" time="0.001"/>
  <testcase name="parse_stream_end_with_roles[jvm]" classname="com.sendspin.protocol.MessageParserTest" time="0.0"/>
  <testcase name="serialize_client_state_player_includes_volume_and_muted_when_present[jvm]" classname="com.sendspin.protocol.MessageParserTest" time="0.0"/>
  <testcase name="parse_server_state_absent_field_is_Absent[jvm]" classname="com.sendspin.protocol.MessageParserTest" time="0.0"/>
  <testcase name="parse_binary_audio_chunk[jvm]" classname="com.sendspin.protocol.MessageParserTest" time="0.0"/>
  <testcase name="parse_binary_artwork_channel_0[jvm]" classname="com.sendspin.protocol.MessageParserTest" time="0.0"/>
  <testcase name="parse_server_state_with_color[jvm]" classname="com.sendspin.protocol.MessageParserTest" time="0.001"/>
  <testcase name="visualizer_peak_too_short_returns_null[jvm]" classname="com.sendspin.protocol.MessageParserTest" time="0.0"/>
  <testcase name="parse_stream_end_with_versioned_role_names[jvm]" classname="com.sendspin.protocol.MessageParserTest" time="0.0"/>
  <testcase name="parse_visualizer_spectrum[jvm]" classname="com.sendspin.protocol.MessageParserTest" time="0.0"/>
  <testcase name="parse_server_state_color_with_null_fields[jvm]" classname="com.sendspin.protocol.MessageParserTest" time="0.0"/>
  <testcase name="parse_group_update_stopped[jvm]" classname="com.sendspin.protocol.MessageParserTest" time="0.0"/>
  <testcase name="parse_visualizer_loudness[jvm]" classname="com.sendspin.protocol.MessageParserTest" time="0.001"/>
  <testcase name="parse_group_update_unknown_playback_state_returns_null_typed[jvm]" classname="com.sendspin.protocol.MessageParserTest" time="0.0"/>
  <testcase name="parse_visualizer_beat_without_downbeat[jvm]" classname="com.sendspin.protocol.MessageParserTest" time="0.0"/>
  <system-out><![CDATA[]]></system-out>
  <system-err><![CDATA[]]></system-err>
</testsuite>
