<?xml version="1.0" encoding="UTF-8"?>
<testsuite name="AudioBufferTest[jvm]" tests="16" skipped="0" failures="0" errors="0" timestamp="2026-07-11T20:40:12.770Z" hostname="Andriis-MacBook-Pro.local" time="0.479">
  <properties/>
  <testcase name="poll_returns_chunk_when_its_time_has_passed[jvm]" classname="com.sendspin.protocol.AudioBufferTest" time="0.462"/>
  <testcase name="staticDelayMicros_shifts_scheduled_play_time_earlier[jvm]" classname="com.sendspin.protocol.AudioBufferTest" time="0.001"/>
  <testcase name="nextChunkDelayMicros_returns_null_when_empty[jvm]" classname="com.sendspin.protocol.AudioBufferTest" time="0.0"/>
  <testcase name="nextChunkDelayMicros_returns_delay_for_future_chunk[jvm]" classname="com.sendspin.protocol.AudioBufferTest" time="0.003"/>
  <testcase name="chunks_older_than_1s_are_dropped_on_offer[jvm]" classname="com.sendspin.protocol.AudioBufferTest" time="0.004"/>
  <testcase name="buffer_evicts_furthest_future_when_full[jvm]" classname="com.sendspin.protocol.AudioBufferTest" time="0.002"/>
  <testcase name="poll_returns_null_when_no_chunk_is_ready_yet[jvm]" classname="com.sendspin.protocol.AudioBufferTest" time="0.0"/>
  <testcase name="chunks_are_returned_in_timestamp_order[jvm]" classname="com.sendspin.protocol.AudioBufferTest" time="0.0"/>
  <testcase name="clock_correction_after_offer_immediately_reshapes_schedule_of_queued_chunks[jvm]" classname="com.sendspin.protocol.AudioBufferTest" time="0.001"/>
  <testcase name="flush_empties_the_buffer[jvm]" classname="com.sendspin.protocol.AudioBufferTest" time="0.001"/>
  <testcase name="underrunState_is_false_initially[jvm]" classname="com.sendspin.protocol.AudioBufferTest" time="0.0"/>
  <testcase name="offering_chunk_after_underrun_clears_underrunState[jvm]" classname="com.sendspin.protocol.AudioBufferTest" time="0.001"/>
  <testcase name="chunks_exactly_at_drop_threshold_are_NOT_dropped[jvm]" classname="com.sendspin.protocol.AudioBufferTest" time="0.0"/>
  <testcase name="poll_returns_null_after_flush[jvm]" classname="com.sendspin.protocol.AudioBufferTest" time="0.001"/>
  <testcase name="zero_staticDelayMicros_does_not_shift_playback_time[jvm]" classname="com.sendspin.protocol.AudioBufferTest" time="0.0"/>
  <testcase name="signalUnderrun_sets_underrunState_to_true[jvm]" classname="com.sendspin.protocol.AudioBufferTest" time="0.001"/>
  <system-out><![CDATA[]]></system-out>
  <system-err><![CDATA[SLF4J(W): No SLF4J providers were found.
SLF4J(W): Defaulting to no-operation (NOP) logger implementation
SLF4J(W): See https://www.slf4j.org/codes.html#noProviders for further details.
]]></system-err>
</testsuite>
