<?xml version="1.0" encoding="UTF-8"?>
<testsuite name="PcmDriftCorrectorTest[jvm]" tests="8" skipped="0" failures="0" errors="0" timestamp="2026-07-11T20:40:14.498Z" hostname="Andriis-MacBook-Pro.local" time="0.005">
  <properties/>
  <testcase name="negative_drift_inserts_samples_to_slow_down[jvm]" classname="com.sendspin.protocol.PcmDriftCorrectorTest" time="0.001"/>
  <testcase name="correction_is_clamped_to_maxCorrectionPpm_regardless_of_drift_magnitude[jvm]" classname="com.sendspin.protocol.PcmDriftCorrectorTest" time="0.002"/>
  <testcase name="positive_drift_drops_samples_to_speed_up[jvm]" classname="com.sendspin.protocol.PcmDriftCorrectorTest" time="0.0"/>
  <testcase name="phase_carries_over_continuously_across_blocks[jvm]" classname="com.sendspin.protocol.PcmDriftCorrectorTest" time="0.0"/>
  <testcase name="reset_clears_carried_over_phase[jvm]" classname="com.sendspin.protocol.PcmDriftCorrectorTest" time="0.0"/>
  <testcase name="zero_drift_passes_audio_through_at_roughly_same_length[jvm]" classname="com.sendspin.protocol.PcmDriftCorrectorTest" time="0.0"/>
  <testcase name="interleaved_stereo_channels_remain_aligned[jvm]" classname="com.sendspin.protocol.PcmDriftCorrectorTest" time="0.001"/>
  <testcase name="short_blocks_are_passed_through_unchanged[jvm]" classname="com.sendspin.protocol.PcmDriftCorrectorTest" time="0.0"/>
  <system-out><![CDATA[]]></system-out>
  <system-err><![CDATA[]]></system-err>
</testsuite>
