<?xml version="1.0" encoding="UTF-8"?>
<testsuite name="VolumeCurveTest[jvm]" tests="10" skipped="0" failures="0" errors="0" timestamp="2026-07-11T20:40:14.514Z" hostname="Andriis-MacBook-Pro.local" time="0.002">
  <properties/>
  <testcase name="volume_100_yields_gain_1[jvm]" classname="com.sendspin.protocol.VolumeCurveTest" time="0.002"/>
  <testcase name="volume_0_yields_gain_0[jvm]" classname="com.sendspin.protocol.VolumeCurveTest" time="0.0"/>
  <testcase name="unmuting_restores_previous_volume_curve_gain[jvm]" classname="com.sendspin.protocol.VolumeCurveTest" time="0.0"/>
  <testcase name="out_of_range_volume_is_clamped[jvm]" classname="com.sendspin.protocol.VolumeCurveTest" time="0.0"/>
  <testcase name="mute_yields_gain_0_regardless_of_volume[jvm]" classname="com.sendspin.protocol.VolumeCurveTest" time="0.0"/>
  <testcase name="set_static_delay_command_applies_delay_to_audio_buffer[jvm]" classname="com.sendspin.protocol.VolumeCurveTest" time="0.0"/>
  <testcase name="volume_50_yields_perceptual_curve_gain[jvm]" classname="com.sendspin.protocol.VolumeCurveTest" time="0.0"/>
  <testcase name="mute_command_missing_mute_field_is_ignored[jvm]" classname="com.sendspin.protocol.VolumeCurveTest" time="0.0"/>
  <testcase name="volume_command_missing_volume_field_is_ignored[jvm]" classname="com.sendspin.protocol.VolumeCurveTest" time="0.0"/>
  <testcase name="group_update_volume_does_not_affect_player_gain[jvm]" classname="com.sendspin.protocol.VolumeCurveTest" time="0.0"/>
  <system-out><![CDATA[]]></system-out>
  <system-err><![CDATA[]]></system-err>
</testsuite>
