<?xml version="1.0" encoding="UTF-8"?>
<testsuite name="JsonOptionalTest[jvm]" tests="6" skipped="0" failures="0" errors="0" timestamp="2026-07-11T20:40:13.285Z" hostname="Andriis-MacBook-Pro.local" time="0.003">
  <properties/>
  <testcase name="value_decodes_to_Present_value[jvm]" classname="com.sendspin.protocol.JsonOptionalTest" time="0.0"/>
  <testcase name="explicit_null_decodes_to_Present_null[jvm]" classname="com.sendspin.protocol.JsonOptionalTest" time="0.0"/>
  <testcase name="present_null_encodes_as_json_null[jvm]" classname="com.sendspin.protocol.JsonOptionalTest" time="0.002"/>
  <testcase name="absent_key_decodes_to_Absent[jvm]" classname="com.sendspin.protocol.JsonOptionalTest" time="0.0"/>
  <testcase name="present_value_round_trips_through_encode[jvm]" classname="com.sendspin.protocol.JsonOptionalTest" time="0.001"/>
  <testcase name="mixed_absent_null_value[jvm]" classname="com.sendspin.protocol.JsonOptionalTest" time="0.0"/>
  <system-out><![CDATA[]]></system-out>
  <system-err><![CDATA[]]></system-err>
</testsuite>
